#
# There is insufficient memory for the Java Runtime Environment to continue.
# Native memory allocation (mmap) failed to map 167772160 bytes. Error detail: G1 virtual space
# Possible reasons:
#   The system is out of physical RAM or swap space
#   This process is running with CompressedOops enabled, and the Java Heap may be blocking the growth of the native heap
# Possible solutions:
#   Reduce memory load on the system
#   Increase physical memory or swap space
#   Check if swap backing store is full
#   Decrease Java heap size (-Xmx/-Xms)
#   Decrease number of Java threads
#   Decrease Java thread stack sizes (-Xss)
#   Set larger code cache with -XX:ReservedCodeCacheSize=
#   JVM is running with Zero Based Compressed Oops mode in which the Java heap is
#     placed in the first 32GB address space. The Java Heap base address is the
#     maximum limit for the native heap growth. Please use -XX:HeapBaseMinAddress
#     to set the Java Heap base and to place the Java Heap above 32GB virtual address.
# This output file may be truncated or incomplete.
#
#  Out of Memory Error (os_windows.cpp:3713), pid=18508, tid=18352
#
# JRE version: OpenJDK Runtime Environment Corretto-21.0.8.9.1 (21.0.8+9) (build 21.0.8+9-LTS)
# Java VM: OpenJDK 64-Bit Server VM Corretto-21.0.8.9.1 (21.0.8+9-LTS, mixed mode, sharing, tiered, compressed oops, compressed class ptrs, g1 gc, windows-amd64)
# Core dump will be written. Default location: C:\Users\a2489236\Desktop\projeto_pix\hs_err_pid18508.mdmp
#

---------------  S U M M A R Y ------------

Command Line: -javaagent:C:\Program Files\JetBrains\IntelliJ IDEA Community Edition 2025.2.1\lib\idea_rt.jar=59291 -Dfile.encoding=UTF-8 -Dsun.stdout.encoding=UTF-8 -Dsun.stderr.encoding=UTF-8 server.Server

Host: Intel(R) Xeon(R) Silver 4116 CPU @ 2.10GHz, 4 cores, 9G,  Windows Server 2019 , 64 bit Build 17763 (10.0.17763.7009)
Time: Mon Dec  1 20:58:34 2025 Hora oficial do Brasil elapsed time: 191.648053 seconds (0d 0h 3m 11s)

---------------  T H R E A D  ---------------

Current thread (0x0000028dcdc4ed50):  VMThread "VM Thread"          [id=18352, stack(0x000000b0a1000000,0x000000b0a1100000) (1024K)]

Stack: [0x000000b0a1000000,0x000000b0a1100000]
Native frames: (J=compiled Java code, j=interpreted, Vv=VM code, C=native code)
V  [jvm.dll+0x6deaf9]
V  [jvm.dll+0x8bccc3]
V  [jvm.dll+0x8bf07e]
V  [jvm.dll+0x8bf763]
V  [jvm.dll+0x287836]
V  [jvm.dll+0x6db315]
V  [jvm.dll+0x6ced8a]
V  [jvm.dll+0x361ecb]
V  [jvm.dll+0x369a96]
V  [jvm.dll+0x3bbe66]
V  [jvm.dll+0x3bc138]
V  [jvm.dll+0x3356ac]
V  [jvm.dll+0x335737]
V  [jvm.dll+0x37a57c]
V  [jvm.dll+0x378d2e]
V  [jvm.dll+0x334e01]
V  [jvm.dll+0x378758]
V  [jvm.dll+0x8c52d8]
V  [jvm.dll+0x8c6654]
V  [jvm.dll+0x8c6b90]
V  [jvm.dll+0x8c6e23]
V  [jvm.dll+0x865958]
V  [jvm.dll+0x6dd2bd]
C  [ucrtbase.dll+0x2268a]
C  [KERNEL32.DLL+0x17ac4]
C  [ntdll.dll+0x5a8c1]

VM_Operation (0x000000b0a1ffd720): G1TryInitiateConcMark, mode: safepoint, requested by thread 0x0000028e133a75d0


---------------  P R O C E S S  ---------------

Threads class SMR info:
_java_thread_list=0x0000028e132f7ee0, length=19, elements={
0x0000028dcdc67700, 0x0000028dcdc68610, 0x0000028dcdc6cde0, 0x0000028dcdc6f940,
0x0000028dcdc70390, 0x0000028dcdc719a0, 0x0000028dcdc732e0, 0x0000028dcdc791d0,
0x0000028e13057010, 0x0000028e132d5830, 0x0000028e132d7790, 0x0000028e13765d30,
0x0000028e1376c3b0, 0x0000028e1376ca10, 0x0000028e133a75d0, 0x0000028e133a9c40,
0x0000028db0ed7130, 0x0000028e13940350, 0x0000028e13206200
}

Java Threads: ( => current thread )
  0x0000028dcdc67700 JavaThread "Reference Handler"          daemon [_thread_blocked, id=15824, stack(0x000000b0a1100000,0x000000b0a1200000) (1024K)]
  0x0000028dcdc68610 JavaThread "Finalizer"                  daemon [_thread_blocked, id=15952, stack(0x000000b0a1200000,0x000000b0a1300000) (1024K)]
  0x0000028dcdc6cde0 JavaThread "Signal Dispatcher"          daemon [_thread_blocked, id=10856, stack(0x000000b0a1300000,0x000000b0a1400000) (1024K)]
  0x0000028dcdc6f940 JavaThread "Attach Listener"            daemon [_thread_blocked, id=10628, stack(0x000000b0a1400000,0x000000b0a1500000) (1024K)]
  0x0000028dcdc70390 JavaThread "Service Thread"             daemon [_thread_blocked, id=5204, stack(0x000000b0a1500000,0x000000b0a1600000) (1024K)]
  0x0000028dcdc719a0 JavaThread "Monitor Deflation Thread"   daemon [_thread_blocked, id=16084, stack(0x000000b0a1600000,0x000000b0a1700000) (1024K)]
  0x0000028dcdc732e0 JavaThread "C2 CompilerThread0"         daemon [_thread_blocked, id=7264, stack(0x000000b0a1700000,0x000000b0a1800000) (1024K)]
  0x0000028dcdc791d0 JavaThread "C1 CompilerThread0"         daemon [_thread_blocked, id=19224, stack(0x000000b0a1800000,0x000000b0a1900000) (1024K)]
  0x0000028e13057010 JavaThread "Common-Cleaner"             daemon [_thread_blocked, id=19244, stack(0x000000b0a1900000,0x000000b0a1a00000) (1024K)]
  0x0000028e132d5830 JavaThread "Monitor Ctrl-Break"         daemon [_thread_in_native, id=15336, stack(0x000000b0a1a00000,0x000000b0a1b00000) (1024K)]
  0x0000028e132d7790 JavaThread "Notification Thread"        daemon [_thread_blocked, id=11760, stack(0x000000b0a1b00000,0x000000b0a1c00000) (1024K)]
  0x0000028e13765d30 JavaThread "Java2D Disposer"            daemon [_thread_blocked, id=8992, stack(0x000000b0a1c00000,0x000000b0a1d00000) (1024K)]
  0x0000028e1376c3b0 JavaThread "AWT-Shutdown"                      [_thread_blocked, id=8780, stack(0x000000b0a1d00000,0x000000b0a1e00000) (1024K)]
  0x0000028e1376ca10 JavaThread "AWT-Windows"                daemon [_thread_blocked, id=588, stack(0x000000b0a1e00000,0x000000b0a1f00000) (1024K)]
  0x0000028e133a75d0 JavaThread "AWT-EventQueue-0"                  [_thread_blocked, id=11168, stack(0x000000b0a1f00000,0x000000b0a2000000) (1024K)]
  0x0000028e133a9c40 JavaThread "Server-Accept-Thread"       daemon [_thread_in_native, id=10520, stack(0x000000b0a2000000,0x000000b0a2100000) (1024K)]
  0x0000028db0ed7130 JavaThread "DestroyJavaVM"                     [_thread_blocked, id=9720, stack(0x000000b0a0900000,0x000000b0a0a00000) (1024K)]
  0x0000028e13940350 JavaThread "TimerQueue"                 daemon [_thread_blocked, id=19308, stack(0x000000b0a2400000,0x000000b0a2500000) (1024K)]
  0x0000028e13206200 JavaThread "Thread-0"                   daemon [_thread_in_native, id=17892, stack(0x000000b0a2800000,0x000000b0a2900000) (1024K)]
Total: 19

Other Threads:
=>0x0000028dcdc4ed50 VMThread "VM Thread"                           [id=18352, stack(0x000000b0a1000000,0x000000b0a1100000) (1024K)]
  0x0000028dcdc38e30 WatcherThread "VM Periodic Task Thread"        [id=15104, stack(0x000000b0a0f00000,0x000000b0a1000000) (1024K)]
  0x0000028db0f210e0 WorkerThread "GC Thread#0"                     [id=18604, stack(0x000000b0a0a00000,0x000000b0a0b00000) (1024K)]
  0x0000028e13988d80 WorkerThread "GC Thread#1"                     [id=10424, stack(0x000000b0a2500000,0x000000b0a2600000) (1024K)]
  0x0000028e13989120 WorkerThread "GC Thread#2"                     [id=13104, stack(0x000000b0a2600000,0x000000b0a2700000) (1024K)]
  0x0000028e139894c0 WorkerThread "GC Thread#3"                     [id=15984, stack(0x000000b0a2700000,0x000000b0a2800000) (1024K)]
  0x0000028db0f2ca80 ConcurrentGCThread "G1 Main Marker"            [id=18100, stack(0x000000b0a0b00000,0x000000b0a0c00000) (1024K)]
  0x0000028db0f2d580 WorkerThread "G1 Conc#0"                       [id=18792, stack(0x000000b0a0c00000,0x000000b0a0d00000) (1024K)]
  0x0000028db0f9ad40 ConcurrentGCThread "G1 Refine#0"               [id=19268, stack(0x000000b0a0d00000,0x000000b0a0e00000) (1024K)]
  0x0000028db0f9b8b0 ConcurrentGCThread "G1 Service"                [id=17968, stack(0x000000b0a0e00000,0x000000b0a0f00000) (1024K)]
Total: 10

Threads with active compile tasks:
C2 CompilerThread0  191690 2785       4       javax.swing.border.AbstractBorder::getBorderInsets (17 bytes)
Total: 1

VM state: at safepoint (normal execution)

VM Mutex/Monitor currently owned by a thread:  ([mutex/lock_event])
[0x00007ffb2b9f53f8] Threads_lock - owner thread: 0x0000028dcdc4ed50
[0x00007ffb2b9f54f8] Heap_lock - owner thread: 0x0000028e133a75d0

Heap address: 0x0000000760000000, size: 2560 MB, Compressed Oops mode: Zero based, Oop shift amount: 3

CDS archive(s) mapped at: [0x0000028dce000000-0x0000028dcec80000-0x0000028dcec80000), size 13107200, SharedBaseAddress: 0x0000028dce000000, ArchiveRelocationMode: 1.
Compressed class space mapped at: 0x0000028dcf000000-0x0000028e0f000000, reserved size: 1073741824
Narrow klass base: 0x0000028dce000000, Narrow klass shift: 0, Narrow klass range: 0x100000000

GC Precious Log:
 CardTable entry size: 512
 Card Set container configuration: InlinePtr #cards 4 size 8 Array Of Cards #cards 16 size 48 Howl #buckets 8 coarsen threshold 3686 Howl Bitmap #cards 512 size 80 coarsen threshold 460 Card regions per heap region 1 cards per card region 4096
 CPUs: 4 total, 4 available
 Memory: 10238M
 Large Page Support: Disabled
 NUMA Support: Disabled
 Compressed Oops: Enabled (Zero based)
 Heap Region Size: 2M
 Heap Min Capacity: 8M
 Heap Initial Capacity: 160M
 Heap Max Capacity: 2560M
 Pre-touch: Disabled
 Parallel Workers: 4
 Concurrent Workers: 1
 Concurrent Refinement Workers: 4
 Periodic GC: Disabled

Heap:
 garbage-first heap   total 163840K, used 70118K [0x0000000760000000, 0x0000000800000000)
  region size 2048K, 1 young (2048K), 1 survivors (2048K)
 Metaspace       used 17290K, committed 17472K, reserved 1114112K
  class space    used 1788K, committed 1856K, reserved 1048576K

Heap Regions: E=young(eden), S=young(survivor), O=old, HS=humongous(starts), HC=humongous(continues), CS=collection set, F=free, TAMS=top-at-mark-start, PB=parsable bottom
|   0|0x0000000760000000, 0x0000000760200000, 0x0000000760200000|100%|HS|  |TAMS 0x0000000760200000| PB 0x0000000760000000| Complete 
|   1|0x0000000760200000, 0x0000000760400000, 0x0000000760400000|100%|HC|  |TAMS 0x0000000760400000| PB 0x0000000760200000| Complete 
|   2|0x0000000760400000, 0x0000000760600000, 0x0000000760600000|100%| O|  |TAMS 0x0000000760600000| PB 0x0000000760400000| Untracked 
|   3|0x0000000760600000, 0x0000000760774640, 0x0000000760800000| 72%| O|  |TAMS 0x0000000760774640| PB 0x0000000760600000| Untracked 
|   4|0x0000000760800000, 0x0000000760a00000, 0x0000000760a00000|100%|HS|  |TAMS 0x0000000760a00000| PB 0x0000000760800000| Complete 
|   5|0x0000000760a00000, 0x0000000760c00000, 0x0000000760c00000|100%|HC|  |TAMS 0x0000000760c00000| PB 0x0000000760a00000| Complete 
|   6|0x0000000760c00000, 0x0000000760e00000, 0x0000000760e00000|100%|HS|  |TAMS 0x0000000760e00000| PB 0x0000000760c00000| Complete 
|   7|0x0000000760e00000, 0x0000000761000000, 0x0000000761000000|100%|HC|  |TAMS 0x0000000761000000| PB 0x0000000760e00000| Complete 
|   8|0x0000000761000000, 0x0000000761200000, 0x0000000761200000|100%|HS|  |TAMS 0x0000000761200000| PB 0x0000000761000000| Complete 
|   9|0x0000000761200000, 0x0000000761400000, 0x0000000761400000|100%|HC|  |TAMS 0x0000000761400000| PB 0x0000000761200000| Complete 
|  10|0x0000000761400000, 0x0000000761600000, 0x0000000761600000|100%|HS|  |TAMS 0x0000000761600000| PB 0x0000000761400000| Complete 
|  11|0x0000000761600000, 0x0000000761800000, 0x0000000761800000|100%|HC|  |TAMS 0x0000000761800000| PB 0x0000000761600000| Complete 
|  12|0x0000000761800000, 0x0000000761a00000, 0x0000000761a00000|100%|HS|  |TAMS 0x0000000761a00000| PB 0x0000000761800000| Complete 
|  13|0x0000000761a00000, 0x0000000761c00000, 0x0000000761c00000|100%|HC|  |TAMS 0x0000000761c00000| PB 0x0000000761a00000| Complete 
|  14|0x0000000761c00000, 0x0000000761e00000, 0x0000000761e00000|100%|HS|  |TAMS 0x0000000761e00000| PB 0x0000000761c00000| Complete 
|  15|0x0000000761e00000, 0x0000000762000000, 0x0000000762000000|100%|HC|  |TAMS 0x0000000762000000| PB 0x0000000761e00000| Complete 
|  16|0x0000000762000000, 0x0000000762200000, 0x0000000762200000|100%|HS|  |TAMS 0x0000000762200000| PB 0x0000000762000000| Complete 
|  17|0x0000000762200000, 0x0000000762400000, 0x0000000762400000|100%|HC|  |TAMS 0x0000000762400000| PB 0x0000000762200000| Complete 
|  18|0x0000000762400000, 0x0000000762600000, 0x0000000762600000|100%|HS|  |TAMS 0x0000000762600000| PB 0x0000000762400000| Complete 
|  19|0x0000000762600000, 0x0000000762800000, 0x0000000762800000|100%|HC|  |TAMS 0x0000000762800000| PB 0x0000000762600000| Complete 
|  20|0x0000000762800000, 0x0000000762a00000, 0x0000000762a00000|100%|HS|  |TAMS 0x0000000762a00000| PB 0x0000000762800000| Complete 
|  21|0x0000000762a00000, 0x0000000762c00000, 0x0000000762c00000|100%|HC|  |TAMS 0x0000000762c00000| PB 0x0000000762a00000| Complete 
|  22|0x0000000762c00000, 0x0000000762e00000, 0x0000000762e00000|100%|HS|  |TAMS 0x0000000762e00000| PB 0x0000000762c00000| Complete 
|  23|0x0000000762e00000, 0x0000000763000000, 0x0000000763000000|100%|HC|  |TAMS 0x0000000763000000| PB 0x0000000762e00000| Complete 
|  24|0x0000000763000000, 0x0000000763200000, 0x0000000763200000|100%|HS|  |TAMS 0x0000000763200000| PB 0x0000000763000000| Complete 
|  25|0x0000000763200000, 0x0000000763400000, 0x0000000763400000|100%|HC|  |TAMS 0x0000000763400000| PB 0x0000000763200000| Complete 
|  26|0x0000000763400000, 0x0000000763600000, 0x0000000763600000|100%|HS|  |TAMS 0x0000000763600000| PB 0x0000000763400000| Complete 
|  27|0x0000000763600000, 0x0000000763800000, 0x0000000763800000|100%|HC|  |TAMS 0x0000000763800000| PB 0x0000000763600000| Complete 
|  28|0x0000000763800000, 0x0000000763a00000, 0x0000000763a00000|100%|HS|  |TAMS 0x0000000763a00000| PB 0x0000000763800000| Complete 
|  29|0x0000000763a00000, 0x0000000763c00000, 0x0000000763c00000|100%|HC|  |TAMS 0x0000000763c00000| PB 0x0000000763a00000| Complete 
|  30|0x0000000763c00000, 0x0000000763e00000, 0x0000000763e00000|100%|HS|  |TAMS 0x0000000763e00000| PB 0x0000000763c00000| Complete 
|  31|0x0000000763e00000, 0x0000000764000000, 0x0000000764000000|100%|HC|  |TAMS 0x0000000764000000| PB 0x0000000763e00000| Complete 
|  32|0x0000000764000000, 0x0000000764000000, 0x0000000764200000|  0%| F|  |TAMS 0x0000000764000000| PB 0x0000000764000000| Untracked 
|  33|0x0000000764200000, 0x0000000764200000, 0x0000000764400000|  0%| F|  |TAMS 0x0000000764200000| PB 0x0000000764200000| Untracked 
|  34|0x0000000764400000, 0x0000000764600000, 0x0000000764600000|100%|HS|  |TAMS 0x0000000764600000| PB 0x0000000764400000| Complete 
|  35|0x0000000764600000, 0x0000000764800000, 0x0000000764800000|100%|HC|  |TAMS 0x0000000764800000| PB 0x0000000764600000| Complete 
|  36|0x0000000764800000, 0x0000000764800000, 0x0000000764a00000|  0%| F|  |TAMS 0x0000000764800000| PB 0x0000000764800000| Untracked 
|  37|0x0000000764a00000, 0x0000000764a00000, 0x0000000764c00000|  0%| F|  |TAMS 0x0000000764a00000| PB 0x0000000764a00000| Untracked 
|  38|0x0000000764c00000, 0x0000000764c00000, 0x0000000764e00000|  0%| F|  |TAMS 0x0000000764c00000| PB 0x0000000764c00000| Untracked 
|  39|0x0000000764e00000, 0x0000000764e00000, 0x0000000765000000|  0%| F|  |TAMS 0x0000000764e00000| PB 0x0000000764e00000| Untracked 
|  40|0x0000000765000000, 0x0000000765000000, 0x0000000765200000|  0%| F|  |TAMS 0x0000000765000000| PB 0x0000000765000000| Untracked 
|  41|0x0000000765200000, 0x0000000765200000, 0x0000000765400000|  0%| F|  |TAMS 0x0000000765200000| PB 0x0000000765200000| Untracked 
|  42|0x0000000765400000, 0x0000000765400000, 0x0000000765600000|  0%| F|  |TAMS 0x0000000765400000| PB 0x0000000765400000| Untracked 
|  43|0x0000000765600000, 0x0000000765600000, 0x0000000765800000|  0%| F|  |TAMS 0x0000000765600000| PB 0x0000000765600000| Untracked 
|  44|0x0000000765800000, 0x0000000765800000, 0x0000000765a00000|  0%| F|  |TAMS 0x0000000765800000| PB 0x0000000765800000| Untracked 
|  45|0x0000000765a00000, 0x0000000765a00000, 0x0000000765c00000|  0%| F|  |TAMS 0x0000000765a00000| PB 0x0000000765a00000| Untracked 
|  46|0x0000000765c00000, 0x0000000765c00000, 0x0000000765e00000|  0%| F|  |TAMS 0x0000000765c00000| PB 0x0000000765c00000| Untracked 
|  47|0x0000000765e00000, 0x0000000765e00000, 0x0000000766000000|  0%| F|  |TAMS 0x0000000765e00000| PB 0x0000000765e00000| Untracked 
|  48|0x0000000766000000, 0x0000000766000000, 0x0000000766200000|  0%| F|  |TAMS 0x0000000766000000| PB 0x0000000766000000| Untracked 
|  49|0x0000000766200000, 0x0000000766200000, 0x0000000766400000|  0%| F|  |TAMS 0x0000000766200000| PB 0x0000000766200000| Untracked 
|  50|0x0000000766400000, 0x0000000766400000, 0x0000000766600000|  0%| F|  |TAMS 0x0000000766400000| PB 0x0000000766400000| Untracked 
|  51|0x0000000766600000, 0x0000000766600000, 0x0000000766800000|  0%| F|  |TAMS 0x0000000766600000| PB 0x0000000766600000| Untracked 
|  52|0x0000000766800000, 0x0000000766800000, 0x0000000766a00000|  0%| F|  |TAMS 0x0000000766800000| PB 0x0000000766800000| Untracked 
|  53|0x0000000766a00000, 0x0000000766a00000, 0x0000000766c00000|  0%| F|  |TAMS 0x0000000766a00000| PB 0x0000000766a00000| Untracked 
|  54|0x0000000766c00000, 0x0000000766c00000, 0x0000000766e00000|  0%| F|  |TAMS 0x0000000766c00000| PB 0x0000000766c00000| Untracked 
|  55|0x0000000766e00000, 0x0000000766e00000, 0x0000000767000000|  0%| F|  |TAMS 0x0000000766e00000| PB 0x0000000766e00000| Untracked 
|  56|0x0000000767000000, 0x0000000767000000, 0x0000000767200000|  0%| F|  |TAMS 0x0000000767000000| PB 0x0000000767000000| Untracked 
|  57|0x0000000767200000, 0x0000000767200000, 0x0000000767400000|  0%| F|  |TAMS 0x0000000767200000| PB 0x0000000767200000| Untracked 
|  58|0x0000000767400000, 0x0000000767400000, 0x0000000767600000|  0%| F|  |TAMS 0x0000000767400000| PB 0x0000000767400000| Untracked 
|  59|0x0000000767600000, 0x0000000767600000, 0x0000000767800000|  0%| F|  |TAMS 0x0000000767600000| PB 0x0000000767600000| Untracked 
|  60|0x0000000767800000, 0x0000000767800000, 0x0000000767a00000|  0%| F|  |TAMS 0x0000000767800000| PB 0x0000000767800000| Untracked 
|  61|0x0000000767a00000, 0x0000000767a00000, 0x0000000767c00000|  0%| F|  |TAMS 0x0000000767a00000| PB 0x0000000767a00000| Untracked 
|  62|0x0000000767c00000, 0x0000000767c00000, 0x0000000767e00000|  0%| F|  |TAMS 0x0000000767c00000| PB 0x0000000767c00000| Untracked 
|  63|0x0000000767e00000, 0x0000000767e00000, 0x0000000768000000|  0%| F|  |TAMS 0x0000000767e00000| PB 0x0000000767e00000| Untracked 
|  64|0x0000000768000000, 0x0000000768000000, 0x0000000768200000|  0%| F|  |TAMS 0x0000000768000000| PB 0x0000000768000000| Untracked 
|  65|0x0000000768200000, 0x0000000768200000, 0x0000000768400000|  0%| F|  |TAMS 0x0000000768200000| PB 0x0000000768200000| Untracked 
|  66|0x0000000768400000, 0x0000000768400000, 0x0000000768600000|  0%| F|  |TAMS 0x0000000768400000| PB 0x0000000768400000| Untracked 
|  67|0x0000000768600000, 0x0000000768600000, 0x0000000768800000|  0%| F|  |TAMS 0x0000000768600000| PB 0x0000000768600000| Untracked 
|  68|0x0000000768800000, 0x0000000768800000, 0x0000000768a00000|  0%| F|  |TAMS 0x0000000768800000| PB 0x0000000768800000| Untracked 
|  69|0x0000000768a00000, 0x0000000768a00000, 0x0000000768c00000|  0%| F|  |TAMS 0x0000000768a00000| PB 0x0000000768a00000| Untracked 
|  70|0x0000000768c00000, 0x0000000768c00000, 0x0000000768e00000|  0%| F|  |TAMS 0x0000000768c00000| PB 0x0000000768c00000| Untracked 
|  71|0x0000000768e00000, 0x0000000768e00000, 0x0000000769000000|  0%| F|  |TAMS 0x0000000768e00000| PB 0x0000000768e00000| Untracked 
|  72|0x0000000769000000, 0x0000000769000000, 0x0000000769200000|  0%| F|  |TAMS 0x0000000769000000| PB 0x0000000769000000| Untracked 
|  73|0x0000000769200000, 0x0000000769200000, 0x0000000769400000|  0%| F|  |TAMS 0x0000000769200000| PB 0x0000000769200000| Untracked 
|  74|0x0000000769400000, 0x0000000769505250, 0x0000000769600000| 51%| S|CS|TAMS 0x0000000769400000| PB 0x0000000769400000| Complete 
|  75|0x0000000769600000, 0x0000000769600000, 0x0000000769800000|  0%| F|  |TAMS 0x0000000769600000| PB 0x0000000769600000| Untracked 
|  76|0x0000000769800000, 0x0000000769800000, 0x0000000769a00000|  0%| F|  |TAMS 0x0000000769800000| PB 0x0000000769800000| Untracked 
|  77|0x0000000769a00000, 0x0000000769a00000, 0x0000000769c00000|  0%| F|  |TAMS 0x0000000769a00000| PB 0x0000000769a00000| Untracked 
|  78|0x0000000769c00000, 0x0000000769c00000, 0x0000000769e00000|  0%| F|  |TAMS 0x0000000769c00000| PB 0x0000000769c00000| Untracked 
|  79|0x0000000769e00000, 0x0000000769e00000, 0x000000076a000000|  0%| F|  |TAMS 0x0000000769e00000| PB 0x0000000769e00000| Untracked 

Card table byte_map: [0x0000028dc8ae0000,0x0000028dc8fe0000] _byte_map_base: 0x0000028dc4fe0000

Marking Bits: (CMBitMap*) 0x0000028db0f21ff0
 Bits: [0x0000028dc8fe0000, 0x0000028dcb7e0000)

Polling page: 0x0000028daef40000

Metaspace:

Usage:
  Non-class:     15.14 MB used.
      Class:      1.75 MB used.
       Both:     16.89 MB used.

Virtual space:
  Non-class space:       64.00 MB reserved,      15.25 MB ( 24%) committed,  1 nodes.
      Class space:        1.00 GB reserved,       1.81 MB ( <1%) committed,  1 nodes.
             Both:        1.06 GB reserved,      17.06 MB (  2%) committed. 

Chunk freelists:
   Non-Class:  224.00 KB
       Class:  14.00 MB
        Both:  14.22 MB

MaxMetaspaceSize: unlimited
CompressedClassSpaceSize: 1.00 GB
Initial GC threshold: 21.00 MB
Current GC threshold: 21.00 MB
CDS: on
 - commit_granule_bytes: 65536.
 - commit_granule_words: 8192.
 - virtual_space_node_default_size: 8388608.
 - enlarge_chunks_in_place: 1.
 - use_allocation_guard: 0.


Internal statistics:

num_allocs_failed_limit: 0.
num_arena_births: 212.
num_arena_deaths: 0.
num_vsnodes_births: 2.
num_vsnodes_deaths: 0.
num_space_committed: 273.
num_space_uncommitted: 0.
num_chunks_returned_to_freelist: 0.
num_chunks_taken_from_freelist: 468.
num_chunk_merges: 0.
num_chunk_splits: 321.
num_chunks_enlarged: 228.
num_inconsistent_stats: 0.

CodeHeap 'non-profiled nmethods': size=120000Kb used=994Kb max_used=994Kb free=119005Kb
 bounds [0x0000028dc10b0000, 0x0000028dc1320000, 0x0000028dc85e0000]
CodeHeap 'profiled nmethods': size=120000Kb used=5306Kb max_used=5306Kb free=114693Kb
 bounds [0x0000028db95e0000, 0x0000028db9b10000, 0x0000028dc0b10000]
CodeHeap 'non-nmethods': size=5760Kb used=1662Kb max_used=1694Kb free=4097Kb
 bounds [0x0000028dc0b10000, 0x0000028dc0d80000, 0x0000028dc10b0000]
CodeCache: size=245760Kb, used=7962Kb, max_used=7994Kb, free=237795Kb
 total_blobs=3492, nmethods=2784, adapters=612, full_count=0
Compilation: enabled, stopped_count=0, restarted_count=0

Compilation events (20 events):
Event: 190.353 Thread 0x0000028dcdc791d0 nmethod 2775 0x0000028dc11a5310 code [0x0000028dc11a54a0, 0x0000028dc11a5570]
Event: 190.362 Thread 0x0000028dcdc732e0 2776       4       sun.java2d.SunGraphics2D::translate (68 bytes)
Event: 190.372 Thread 0x0000028dcdc732e0 nmethod 2776 0x0000028dc11a5610 code [0x0000028dc11a5840, 0x0000028dc11a62d8]
Event: 191.094 Thread 0x0000028dcdc732e0 2777   !   4       sun.awt.image.SurfaceManager::getManager (47 bytes)
Event: 191.095 Thread 0x0000028dcdc791d0 2778       1       javax.swing.plaf.basic.BasicTextUI$RootView::getViewCount (2 bytes)
Event: 191.095 Thread 0x0000028dcdc791d0 nmethod 2778 0x0000028dc11a6590 code [0x0000028dc11a6720, 0x0000028dc11a67e8]
Event: 191.095 Thread 0x0000028dcdc732e0 nmethod 2777 0x0000028dc11a6890 code [0x0000028dc11a6a20, 0x0000028dc11a6ae8]
Event: 191.097 Thread 0x0000028dcdc791d0 2779       1       javax.swing.text.DefaultCaret::isVisible (5 bytes)
Event: 191.097 Thread 0x0000028dcdc791d0 nmethod 2779 0x0000028dc11a6c10 code [0x0000028dc11a6da0, 0x0000028dc11a6e70]
Event: 191.110 Thread 0x0000028dcdc732e0 2780       4       java.awt.Component::setBoundsOp (51 bytes)
Event: 191.110 Thread 0x0000028dcdc732e0 nmethod 2780 0x0000028dc11a6f10 code [0x0000028dc11a70a0, 0x0000028dc11a7148]
Event: 191.182 Thread 0x0000028dcdc732e0 2781       4       java.util.LinkedList$ListItr::next (56 bytes)
Event: 191.188 Thread 0x0000028dcdc732e0 nmethod 2781 0x0000028dc11a7210 code [0x0000028dc11a73a0, 0x0000028dc11a76d0]
Event: 191.188 Thread 0x0000028dcdc732e0 2782       4       sun.awt.image.IntegerComponentRaster::verify (410 bytes)
Event: 191.193 Thread 0x0000028dcdc732e0 nmethod 2782 0x0000028dc11a7810 code [0x0000028dc11a7a00, 0x0000028dc11a7f00]
Event: 191.200 Thread 0x0000028dcdc732e0 2783       4       sun.swing.ImageCache$Entry::equals (147 bytes)
Event: 191.206 Thread 0x0000028dcdc732e0 nmethod 2783 0x0000028dc11a8290 code [0x0000028dc11a8460, 0x0000028dc11a87e0]
Event: 191.218 Thread 0x0000028dcdc791d0 2784       3       javax.swing.plaf.metal.MetalUtils$GradientPainter::paintImage (157 bytes)
Event: 191.219 Thread 0x0000028dcdc791d0 nmethod 2784 0x0000028db9b0de90 code [0x0000028db9b0e0c0, 0x0000028db9b0e860]
Event: 191.251 Thread 0x0000028dcdc732e0 2785       4       javax.swing.border.AbstractBorder::getBorderInsets (17 bytes)

GC Heap History (20 events):
Event: 40.387 GC heap after
{Heap after GC invocations=1 (full 0):
 garbage-first heap   total 163840K, used 7551K [0x0000000760000000, 0x0000000800000000)
  region size 2048K, 1 young (2048K), 1 survivors (2048K)
 Metaspace       used 11097K, committed 11392K, reserved 1114112K
  class space    used 1210K, committed 1344K, reserved 1048576K
}
Event: 57.819 GC heap before
{Heap before GC invocations=1 (full 0):
 garbage-first heap   total 163840K, used 17791K [0x0000000760000000, 0x0000000800000000)
  region size 2048K, 7 young (14336K), 1 survivors (2048K)
 Metaspace       used 14693K, committed 14976K, reserved 1114112K
  class space    used 1550K, committed 1664K, reserved 1048576K
}
Event: 57.824 GC heap after
{Heap after GC invocations=2 (full 0):
 garbage-first heap   total 163840K, used 8205K [0x0000000760000000, 0x0000000800000000)
  region size 2048K, 1 young (2048K), 1 survivors (2048K)
 Metaspace       used 14693K, committed 14976K, reserved 1114112K
  class space    used 1550K, committed 1664K, reserved 1048576K
}
Event: 186.920 GC heap before
{Heap before GC invocations=2 (full 0):
 garbage-first heap   total 163840K, used 86029K [0x0000000760000000, 0x0000000800000000)
  region size 2048K, 8 young (16384K), 1 survivors (2048K)
 Metaspace       used 17161K, committed 17344K, reserved 1114112K
  class space    used 1788K, committed 1856K, reserved 1048576K
}
Event: 186.923 GC heap after
{Heap after GC invocations=3 (full 0):
 garbage-first heap   total 163840K, used 74288K [0x0000000760000000, 0x0000000800000000)
  region size 2048K, 1 young (2048K), 1 survivors (2048K)
 Metaspace       used 17161K, committed 17344K, reserved 1114112K
  class space    used 1788K, committed 1856K, reserved 1048576K
}
Event: 186.942 GC heap before
{Heap before GC invocations=3 (full 0):
 garbage-first heap   total 163840K, used 76336K [0x0000000760000000, 0x0000000800000000)
  region size 2048K, 2 young (4096K), 1 survivors (2048K)
 Metaspace       used 17170K, committed 17408K, reserved 1114112K
  class space    used 1788K, committed 1856K, reserved 1048576K
}
Event: 186.944 GC heap after
{Heap after GC invocations=4 (full 0):
 garbage-first heap   total 163840K, used 12759K [0x0000000760000000, 0x0000000800000000)
  region size 2048K, 1 young (2048K), 1 survivors (2048K)
 Metaspace       used 17170K, committed 17408K, reserved 1114112K
  class space    used 1788K, committed 1856K, reserved 1048576K
}
Event: 188.339 GC heap before
{Heap before GC invocations=4 (full 0):
 garbage-first heap   total 163840K, used 76247K [0x0000000760000000, 0x0000000800000000)
  region size 2048K, 4 young (8192K), 1 survivors (2048K)
 Metaspace       used 17212K, committed 17408K, reserved 1114112K
  class space    used 1788K, committed 1856K, reserved 1048576K
}
Event: 188.341 GC heap after
{Heap after GC invocations=5 (full 0):
 garbage-first heap   total 163840K, used 70164K [0x0000000760000000, 0x0000000800000000)
  region size 2048K, 1 young (2048K), 1 survivors (2048K)
 Metaspace       used 17212K, committed 17408K, reserved 1114112K
  class space    used 1788K, committed 1856K, reserved 1048576K
}
Event: 188.358 GC heap before
{Heap before GC invocations=5 (full 0):
 garbage-first heap   total 163840K, used 74260K [0x0000000760000000, 0x0000000800000000)
  region size 2048K, 2 young (4096K), 1 survivors (2048K)
 Metaspace       used 17214K, committed 17408K, reserved 1114112K
  class space    used 1788K, committed 1856K, reserved 1048576K
}
Event: 188.360 GC heap after
{Heap after GC invocations=6 (full 0):
 garbage-first heap   total 163840K, used 16845K [0x0000000760000000, 0x0000000800000000)
  region size 2048K, 1 young (2048K), 1 survivors (2048K)
 Metaspace       used 17214K, committed 17408K, reserved 1114112K
  class space    used 1788K, committed 1856K, reserved 1048576K
}
Event: 188.590 GC heap before
{Heap before GC invocations=6 (full 0):
 garbage-first heap   total 163840K, used 78285K [0x0000000760000000, 0x0000000800000000)
  region size 2048K, 4 young (8192K), 1 survivors (2048K)
 Metaspace       used 17247K, committed 17472K, reserved 1114112K
  class space    used 1788K, committed 1856K, reserved 1048576K
}
Event: 188.592 GC heap after
{Heap after GC invocations=7 (full 0):
 garbage-first heap   total 163840K, used 70147K [0x0000000760000000, 0x0000000800000000)
  region size 2048K, 1 young (2048K), 1 survivors (2048K)
 Metaspace       used 17247K, committed 17472K, reserved 1114112K
  class space    used 1788K, committed 1856K, reserved 1048576K
}
Event: 188.607 GC heap before
{Heap before GC invocations=7 (full 0):
 garbage-first heap   total 163840K, used 76291K [0x0000000760000000, 0x0000000800000000)
  region size 2048K, 3 young (6144K), 1 survivors (2048K)
 Metaspace       used 17247K, committed 17472K, reserved 1114112K
  class space    used 1788K, committed 1856K, reserved 1048576K
}
Event: 188.610 GC heap after
{Heap after GC invocations=8 (full 0):
 garbage-first heap   total 163840K, used 16859K [0x0000000760000000, 0x0000000800000000)
  region size 2048K, 1 young (2048K), 1 survivors (2048K)
 Metaspace       used 17247K, committed 17472K, reserved 1114112K
  class space    used 1788K, committed 1856K, reserved 1048576K
}
Event: 188.828 GC heap before
{Heap before GC invocations=8 (full 0):
 garbage-first heap   total 163840K, used 78299K [0x0000000760000000, 0x0000000800000000)
  region size 2048K, 4 young (8192K), 1 survivors (2048K)
 Metaspace       used 17254K, committed 17472K, reserved 1114112K
  class space    used 1788K, committed 1856K, reserved 1048576K
}
Event: 188.830 GC heap after
{Heap after GC invocations=9 (full 0):
 garbage-first heap   total 163840K, used 70138K [0x0000000760000000, 0x0000000800000000)
  region size 2048K, 1 young (2048K), 1 survivors (2048K)
 Metaspace       used 17254K, committed 17472K, reserved 1114112K
  class space    used 1788K, committed 1856K, reserved 1048576K
}
Event: 188.840 GC heap before
{Heap before GC invocations=9 (full 0):
 garbage-first heap   total 163840K, used 74234K [0x0000000760000000, 0x0000000800000000)
  region size 2048K, 2 young (4096K), 1 survivors (2048K)
 Metaspace       used 17257K, committed 17472K, reserved 1114112K
  class space    used 1788K, committed 1856K, reserved 1048576K
}
Event: 188.842 GC heap after
{Heap after GC invocations=10 (full 0):
 garbage-first heap   total 163840K, used 16972K [0x0000000760000000, 0x0000000800000000)
  region size 2048K, 1 young (2048K), 1 survivors (2048K)
 Metaspace       used 17257K, committed 17472K, reserved 1114112K
  class space    used 1788K, committed 1856K, reserved 1048576K
}
Event: 191.252 GC heap before
{Heap before GC invocations=10 (full 0):
 garbage-first heap   total 163840K, used 80460K [0x0000000760000000, 0x0000000800000000)
  region size 2048K, 5 young (10240K), 1 survivors (2048K)
 Metaspace       used 17290K, committed 17472K, reserved 1114112K
  class space    used 1788K, committed 1856K, reserved 1048576K
}

Dll operation events (14 events):
Event: 0.007 Loaded shared library C:\Users\a2489236\.jdks\corretto-21.0.8\bin\java.dll
Event: 0.047 Loaded shared library C:\Users\a2489236\.jdks\corretto-21.0.8\bin\jsvml.dll
Event: 0.103 Loaded shared library C:\Users\a2489236\.jdks\corretto-21.0.8\bin\zip.dll
Event: 0.108 Loaded shared library C:\Users\a2489236\.jdks\corretto-21.0.8\bin\instrument.dll
Event: 0.113 Loaded shared library C:\Users\a2489236\.jdks\corretto-21.0.8\bin\net.dll
Event: 0.114 Loaded shared library C:\Users\a2489236\.jdks\corretto-21.0.8\bin\nio.dll
Event: 0.118 Loaded shared library C:\Users\a2489236\.jdks\corretto-21.0.8\bin\zip.dll
Event: 0.146 Loaded shared library C:\Users\a2489236\.jdks\corretto-21.0.8\bin\extnet.dll
Event: 0.161 Loaded shared library C:\Users\a2489236\.jdks\corretto-21.0.8\bin\jimage.dll
Event: 0.652 Loaded shared library C:\Users\a2489236\AppData\Local\Temp\4\sqlite-3.43.0.0-6214daf4-05e9-418a-8592-9d28b2643182-sqlitejdbc.dll
Event: 0.684 Loaded shared library C:\Users\a2489236\.jdks\corretto-21.0.8\bin\awt.dll
Event: 0.955 Loaded shared library C:\Users\a2489236\.jdks\corretto-21.0.8\bin\freetype.dll
Event: 0.955 Loaded shared library C:\Users\a2489236\.jdks\corretto-21.0.8\bin\fontmanager.dll
Event: 95.336 Loaded shared library C:\Users\a2489236\.jdks\corretto-21.0.8\bin\verify.dll

Deoptimization events (20 events):
Event: 186.549 Thread 0x0000028e133a75d0 DEOPT PACKING pc=0x0000028db995d239 sp=0x000000b0a1ffc1c0
Event: 186.549 Thread 0x0000028e133a75d0 DEOPT UNPACKING pc=0x0000028dc0b64e42 sp=0x000000b0a1ffb6c0 mode 0
Event: 186.550 Thread 0x0000028e133a75d0 DEOPT PACKING pc=0x0000028db999fbd5 sp=0x000000b0a1ffc0d0
Event: 186.550 Thread 0x0000028e133a75d0 DEOPT UNPACKING pc=0x0000028dc0b64e42 sp=0x000000b0a1ffb5a0 mode 0
Event: 186.598 Thread 0x0000028e133a75d0 DEOPT PACKING pc=0x0000028db99d5cf0 sp=0x000000b0a1ffc670
Event: 186.598 Thread 0x0000028e133a75d0 DEOPT UNPACKING pc=0x0000028dc0b64e42 sp=0x000000b0a1ffbb70 mode 0
Event: 186.608 Thread 0x0000028e133a75d0 DEOPT PACKING pc=0x0000028db999fbd5 sp=0x000000b0a1ffc150
Event: 186.608 Thread 0x0000028e133a75d0 DEOPT UNPACKING pc=0x0000028dc0b64e42 sp=0x000000b0a1ffb620 mode 0
Event: 186.609 Thread 0x0000028e133a75d0 DEOPT PACKING pc=0x0000028db99ca188 sp=0x000000b0a1ffc420
Event: 186.609 Thread 0x0000028e133a75d0 DEOPT UNPACKING pc=0x0000028dc0b64e42 sp=0x000000b0a1ffb8c8 mode 0
Event: 186.644 Thread 0x0000028e133a75d0 DEOPT PACKING pc=0x0000028db99d6fac sp=0x000000b0a1ffc3d0
Event: 186.644 Thread 0x0000028e133a75d0 DEOPT UNPACKING pc=0x0000028dc0b64e42 sp=0x000000b0a1ffb8a8 mode 0
Event: 186.681 Thread 0x0000028e133a75d0 Uncommon trap: trap_request=0xffffff6e fr.pc=0x0000028dc1173cc4 relative=0x0000000000000784
Event: 186.681 Thread 0x0000028e133a75d0 Uncommon trap: reason=loop_limit_check action=maybe_recompile pc=0x0000028dc1173cc4 method=java.awt.geom.AffineTransform.transform([DI[DII)V @ 454 c2
Event: 186.681 Thread 0x0000028e133a75d0 DEOPT PACKING pc=0x0000028dc1173cc4 sp=0x000000b0a1ffd0d0
Event: 186.681 Thread 0x0000028e133a75d0 DEOPT UNPACKING pc=0x0000028dc0b646a2 sp=0x000000b0a1ffcff0 mode 2
Event: 186.927 Thread 0x0000028e133a75d0 Uncommon trap: trap_request=0xffffff45 fr.pc=0x0000028dc1147294 relative=0x0000000000000074
Event: 186.927 Thread 0x0000028e133a75d0 Uncommon trap: reason=unstable_if action=reinterpret pc=0x0000028dc1147294 method=java.lang.ref.ReferenceQueue.poll()Ljava/lang/ref/Reference; @ 4 c2
Event: 186.927 Thread 0x0000028e133a75d0 DEOPT PACKING pc=0x0000028dc1147294 sp=0x000000b0a1ffbef0
Event: 186.927 Thread 0x0000028e133a75d0 DEOPT UNPACKING pc=0x0000028dc0b646a2 sp=0x000000b0a1ffbe78 mode 2

Classes loaded (20 events):
Event: 123.807 Loading class java/time/zone/ZoneRulesProvider$1
Event: 123.807 Loading class java/time/zone/ZoneRulesProvider$1 done
Event: 123.807 Loading class java/time/zone/TzdbZoneRulesProvider
Event: 123.807 Loading class java/time/zone/TzdbZoneRulesProvider done
Event: 123.811 Loading class java/util/Arrays$ArrayItr
Event: 123.812 Loading class java/util/Arrays$ArrayItr done
Event: 123.834 Loading class java/time/zone/Ser
Event: 123.834 Loading class java/time/zone/Ser done
Event: 123.835 Loading class java/time/zone/ZoneOffsetTransition
Event: 123.835 Loading class java/time/zone/ZoneOffsetTransition done
Event: 146.221 Loading class java/text/ParsePosition
Event: 146.221 Loading class java/text/ParsePosition done
Event: 146.221 Loading class java/time/format/DateTimeParseContext
Event: 146.239 Loading class java/time/format/DateTimeParseContext done
Event: 146.239 Loading class java/time/format/Parsed
Event: 146.240 Loading class java/time/format/Parsed done
Event: 146.242 Loading class java/lang/IndexOutOfBoundsException
Event: 146.242 Loading class java/lang/IndexOutOfBoundsException done
Event: 146.244 Loading class java/time/Instant$1
Event: 146.244 Loading class java/time/Instant$1 done

Classes unloaded (0 events):
No events

Classes redefined (0 events):
No events

Internal exceptions (20 events):
Event: 0.691 Thread 0x0000028db0ed7130 Exception <a 'java/io/FileNotFoundException'{0x000000076992a530}> (0x000000076992a530) 
thrown [s\src\hotspot\share\prims\jni.cpp, line 520]
Event: 0.697 Thread 0x0000028db0ed7130 Exception <a 'java/io/FileNotFoundException'{0x0000000769954e20}> (0x0000000769954e20) 
thrown [s\src\hotspot\share\prims\jni.cpp, line 520]
Event: 0.778 Thread 0x0000028e133a75d0 Exception <a 'java/lang/NoSuchMethodError'{0x000000076966af98}: 'void java.lang.invoke.DirectMethodHandle$Holder.invokeSpecial(java.lang.Object, java.lang.Object, java.lang.Object)'> (0x000000076966af98) 
thrown [s\src\hotspot\share\interpreter\linkResolver.cpp, line 773]
Event: 0.786 Thread 0x0000028e133a75d0 Exception <a 'java/lang/NoSuchMethodError'{0x000000076970c5d8}: 'java.lang.Object java.lang.invoke.DirectMethodHandle$Holder.newInvokeSpecial(java.lang.Object, java.lang.Object, java.lang.Object, java.lang.Object, java.lang.Object)'> (0x000000076970c5d8) 
thrown [s\src\hotspot\share\interpreter\linkResolver.cpp, line 773]
Event: 0.812 Thread 0x0000028e133a75d0 Exception <a 'java/lang/NoSuchMethodError'{0x0000000769739438}: 'java.lang.Object java.lang.invoke.DirectMethodHandle$Holder.invokeStatic(java.lang.Object, int, java.lang.Object)'> (0x0000000769739438) 
thrown [s\src\hotspot\share\interpreter\linkResolver.cpp, line 773]
Event: 0.858 Thread 0x0000028e133a75d0 Exception <a 'java/lang/ClassNotFoundException'{0x00000007697e26d0}: com/sun/swing/internal/plaf/metal/resources/spi/metalProvider> (0x00000007697e26d0) 
thrown [s\src\hotspot\share\classfile\systemDictionary.cpp, line 312]
Event: 0.860 Thread 0x0000028e133a75d0 Exception <a 'java/lang/ClassNotFoundException'{0x00000007697e7358}: com/sun/swing/internal/plaf/basic/resources/spi/basicProvider> (0x00000007697e7358) 
thrown [s\src\hotspot\share\classfile\systemDictionary.cpp, line 312]
Event: 0.871 Thread 0x0000028e133a75d0 Exception <a 'java/lang/NoSuchMethodError'{0x0000000769406a98}: 'int java.lang.invoke.Invokers$Holder.invokeExact_MT(java.lang.Object, java.lang.Object)'> (0x0000000769406a98) 
thrown [s\src\hotspot\share\interpreter\linkResolver.cpp, line 773]
Event: 0.891 Thread 0x0000028e133a75d0 Implicit null exception at 0x0000028dc1103c40 to 0x0000028dc1103cc5
Event: 0.934 Thread 0x0000028e1376ca10 Exception <a 'java/lang/NoSuchMethodError'{0x000000076947af78}: 'void java.lang.invoke.DirectMethodHandle$Holder.invokeVirtual(java.lang.Object, java.lang.Object)'> (0x000000076947af78) 
thrown [s\src\hotspot\share\interpreter\linkResolver.cpp, line 773]
Event: 0.950 Thread 0x0000028e133a75d0 Exception <a 'java/lang/NoSuchMethodError'{0x00000007694688d0}: 'void java.lang.invoke.DirectMethodHandle$Holder.invokeStaticInit(java.lang.Object)'> (0x00000007694688d0) 
thrown [s\src\hotspot\share\interpreter\linkResolver.cpp, line 773]
Event: 57.839 Thread 0x0000028e13206200 Exception <a 'java/lang/NoSuchMethodError'{0x0000000769e96f60}: 'java.lang.Object java.lang.invoke.DirectMethodHandle$Holder.invokeStaticInit(java.lang.Object, java.lang.Object, java.lang.Object)'> (0x0000000769e96f60) 
thrown [s\src\hotspot\share\interpreter\linkResolver.cpp, line 773]
Event: 57.881 Thread 0x0000028e13206200 Exception <a 'java/lang/NoSuchMethodError'{0x0000000769fefff8}: 'void java.lang.invoke.DirectMethodHandle$Holder.invokeSpecial(java.lang.Object, java.lang.Object, java.lang.Object, java.lang.Object, java.lang.Object)'> (0x0000000769fefff8) 
thrown [s\src\hotspot\share\interpreter\linkResolver.cpp, line 773]
Event: 95.327 Thread 0x0000028e13206200 Exception <a 'java/lang/NoSuchMethodError'{0x0000000769d1ee80}: 'java.lang.Object java.lang.invoke.DirectMethodHandle$Holder.invokeSpecial(java.lang.Object, java.lang.Object, int, java.lang.Object, long)'> (0x0000000769d1ee80) 
thrown [s\src\hotspot\share\interpreter\linkResolver.cpp, line 773]
Event: 95.328 Thread 0x0000028e13206200 Exception <a 'java/lang/NoSuchMethodError'{0x0000000769d24d38}: 'java.lang.Object java.lang.invoke.DirectMethodHandle$Holder.newInvokeSpecial(java.lang.Object, java.lang.Object, int)'> (0x0000000769d24d38) 
thrown [s\src\hotspot\share\interpreter\linkResolver.cpp, line 773]
Event: 123.768 Thread 0x0000028e13206200 Exception <a 'java/lang/NoSuchMethodError'{0x0000000769b7d7a8}: 'long java.lang.invoke.DirectMethodHandle$Holder.invokeSpecial(java.lang.Object, java.lang.Object)'> (0x0000000769b7d7a8) 
thrown [s\src\hotspot\share\interpreter\linkResolver.cpp, line 773]
Event: 123.770 Thread 0x0000028e13206200 Exception <a 'java/lang/NoSuchMethodError'{0x0000000769b87790}: 'long java.lang.invoke.DirectMethodHandle$Holder.invokeStatic(java.lang.Object, java.lang.Object)'> (0x0000000769b87790) 
thrown [s\src\hotspot\share\interpreter\linkResolver.cpp, line 773]
Event: 123.771 Thread 0x0000028e13206200 Exception <a 'java/lang/NoSuchMethodError'{0x0000000769b8a888}: 'long java.lang.invoke.DirectMethodHandle$Holder.invokeStaticInit(java.lang.Object, java.lang.Object)'> (0x0000000769b8a888) 
thrown [s\src\hotspot\share\interpreter\linkResolver.cpp, line 773]
Event: 123.774 Thread 0x0000028e13206200 Exception <a 'java/lang/NoSuchMethodError'{0x0000000769b96ad0}: 'long java.lang.invoke.DirectMethodHandle$Holder.invokeInterface(java.lang.Object, java.lang.Object)'> (0x0000000769b96ad0) 
thrown [s\src\hotspot\share\interpreter\linkResolver.cpp, line 773]
Event: 123.774 Thread 0x0000028e13206200 Exception <a 'java/lang/IncompatibleClassChangeError'{0x0000000769b99af0}: Found class java.lang.Object, but interface was expected> (0x0000000769b99af0) 
thrown [s\src\hotspot\share\interpreter\linkResolver.cpp, line 840]

ZGC Phase Switch (0 events):
No events

VM Operations (20 events):
Event: 186.923 Executing VM operation: G1TryInitiateConcMark (G1 Humongous Allocation) done
Event: 186.942 Executing VM operation: G1TryInitiateConcMark (G1 Humongous Allocation)
Event: 186.944 Executing VM operation: G1TryInitiateConcMark (G1 Humongous Allocation) done
Event: 187.945 Executing VM operation: Cleanup
Event: 187.945 Executing VM operation: Cleanup done
Event: 188.339 Executing VM operation: G1TryInitiateConcMark (G1 Humongous Allocation)
Event: 188.341 Executing VM operation: G1TryInitiateConcMark (G1 Humongous Allocation) done
Event: 188.358 Executing VM operation: G1TryInitiateConcMark (G1 Humongous Allocation)
Event: 188.360 Executing VM operation: G1TryInitiateConcMark (G1 Humongous Allocation) done
Event: 188.590 Executing VM operation: G1TryInitiateConcMark (G1 Humongous Allocation)
Event: 188.592 Executing VM operation: G1TryInitiateConcMark (G1 Humongous Allocation) done
Event: 188.607 Executing VM operation: G1TryInitiateConcMark (G1 Humongous Allocation)
Event: 188.610 Executing VM operation: G1TryInitiateConcMark (G1 Humongous Allocation) done
Event: 188.828 Executing VM operation: G1TryInitiateConcMark (G1 Humongous Allocation)
Event: 188.830 Executing VM operation: G1TryInitiateConcMark (G1 Humongous Allocation) done
Event: 188.840 Executing VM operation: G1TryInitiateConcMark (G1 Humongous Allocation)
Event: 188.842 Executing VM operation: G1TryInitiateConcMark (G1 Humongous Allocation) done
Event: 190.843 Executing VM operation: Cleanup
Event: 190.843 Executing VM operation: Cleanup done
Event: 191.252 Executing VM operation: G1TryInitiateConcMark (G1 Humongous Allocation)

Memory protections (0 events):
No events

Nmethod flushes (0 events):
No events

Events (20 events):
Event: 0.044 Thread 0x0000028db0ed7130 Thread added: 0x0000028dcdc6cde0
Event: 0.044 Thread 0x0000028db0ed7130 Thread added: 0x0000028dcdc6f940
Event: 0.044 Thread 0x0000028db0ed7130 Thread added: 0x0000028dcdc70390
Event: 0.044 Thread 0x0000028db0ed7130 Thread added: 0x0000028dcdc719a0
Event: 0.044 Thread 0x0000028db0ed7130 Thread added: 0x0000028dcdc732e0
Event: 0.044 Thread 0x0000028db0ed7130 Thread added: 0x0000028dcdc791d0
Event: 0.079 Thread 0x0000028db0ed7130 Thread added: 0x0000028e13057010
Event: 0.138 Thread 0x0000028db0ed7130 Thread added: 0x0000028e132d5830
Event: 0.138 Thread 0x0000028db0ed7130 Thread added: 0x0000028e132d7790
Event: 0.185 Thread 0x0000028dcdc791d0 Thread added: 0x0000028e1321d4d0
Event: 0.656 Thread 0x0000028e1321d4d0 Thread exited: 0x0000028e1321d4d0
Event: 0.737 Thread 0x0000028db0ed7130 Thread added: 0x0000028e13765d30
Event: 0.738 Thread 0x0000028db0ed7130 Thread added: 0x0000028e1376c3b0
Event: 0.739 Thread 0x0000028db0ed7130 Thread added: 0x0000028e1376ca10
Event: 0.749 Thread 0x0000028db0ed7130 Thread added: 0x0000028e133a75d0
Event: 0.750 Thread 0x0000028db0ed7130 Thread added: 0x0000028e133a9c40
Event: 0.750 Thread 0x0000028db0ed7130 Thread exited: 0x0000028db0ed7130
Event: 0.750 Thread 0x0000028db0ed7130 Thread added: 0x0000028db0ed7130
Event: 2.511 Thread 0x0000028e133a75d0 Thread added: 0x0000028e13940350
Event: 57.473 Thread 0x0000028e133a9c40 Thread added: 0x0000028e13206200


Dynamic libraries:
0x00007ff6ca2d0000 - 0x00007ff6ca2de000 	C:\Users\a2489236\.jdks\corretto-21.0.8\bin\java.exe
0x00007ffb75740000 - 0x00007ffb7592e000 	C:\Windows\SYSTEM32\ntdll.dll
0x00007ffb75030000 - 0x00007ffb750e3000 	C:\Windows\System32\KERNEL32.DLL
0x00007ffb71b50000 - 0x00007ffb71dee000 	C:\Windows\System32\KERNELBASE.dll
0x00007ffb71940000 - 0x00007ffb71a3a000 	C:\Windows\System32\ucrtbase.dll
0x00007ffb5f070000 - 0x00007ffb5f088000 	C:\Users\a2489236\.jdks\corretto-21.0.8\bin\jli.dll
0x00007ffb5f050000 - 0x00007ffb5f06b000 	C:\Users\a2489236\.jdks\corretto-21.0.8\bin\VCRUNTIME140.dll
0x00007ffb74d30000 - 0x00007ffb74ec7000 	C:\Windows\System32\USER32.dll
0x00007ffb71a40000 - 0x00007ffb71a60000 	C:\Windows\System32\win32u.dll
0x00007ffb75630000 - 0x00007ffb75659000 	C:\Windows\System32\GDI32.dll
0x00007ffb605a0000 - 0x00007ffb60819000 	C:\Windows\WinSxS\amd64_microsoft.windows.common-controls_6595b64144ccf1df_6.0.17763.7792_none_de76c1ec534645e5\COMCTL32.dll
0x00007ffb71790000 - 0x00007ffb7193c000 	C:\Windows\System32\gdi32full.dll
0x00007ffb71ab0000 - 0x00007ffb71b50000 	C:\Windows\System32\msvcp_win.dll
0x00007ffb754b0000 - 0x00007ffb7554e000 	C:\Windows\System32\msvcrt.dll
0x00007ffb74600000 - 0x00007ffb7492a000 	C:\Windows\System32\combase.dll
0x00007ffb72960000 - 0x00007ffb72a7b000 	C:\Windows\System32\RPCRT4.dll
0x00007ffb72610000 - 0x00007ffb72692000 	C:\Windows\System32\bcryptPrimitives.dll
0x00007ffb74bc0000 - 0x00007ffb74bee000 	C:\Windows\System32\IMM32.DLL
0x00007ffb68e30000 - 0x00007ffb68e3c000 	C:\Users\a2489236\.jdks\corretto-21.0.8\bin\vcruntime140_1.dll
0x00007ffb4fc40000 - 0x00007ffb4fccd000 	C:\Users\a2489236\.jdks\corretto-21.0.8\bin\msvcp140.dll
0x00007ffb2ad30000 - 0x00007ffb2bad7000 	C:\Users\a2489236\.jdks\corretto-21.0.8\bin\server\jvm.dll
0x00007ffb75660000 - 0x00007ffb75709000 	C:\Windows\System32\ADVAPI32.dll
0x00007ffb74990000 - 0x00007ffb74a32000 	C:\Windows\System32\sechost.dll
0x00007ffb728c0000 - 0x00007ffb728e6000 	C:\Windows\System32\bcrypt.dll
0x00007ffb71700000 - 0x00007ffb7175d000 	C:\Windows\System32\POWRPROF.dll
0x00007ffb75380000 - 0x00007ffb753ed000 	C:\Windows\System32\WS2_32.dll
0x00007ffb6f420000 - 0x00007ffb6f444000 	C:\Windows\SYSTEM32\WINMM.dll
0x00007ffb683f0000 - 0x00007ffb683fa000 	C:\Windows\SYSTEM32\VERSION.dll
0x00007ffb6f3f0000 - 0x00007ffb6f41d000 	C:\Windows\SYSTEM32\WINMMBASE.dll
0x00007ffb71a60000 - 0x00007ffb71aaa000 	C:\Windows\System32\cfgmgr32.dll
0x00007ffb716e0000 - 0x00007ffb716f1000 	C:\Windows\System32\kernel.appcore.dll
0x00007ffb5f040000 - 0x00007ffb5f04a000 	C:\Users\a2489236\.jdks\corretto-21.0.8\bin\jimage.dll
0x00007ffb67bb0000 - 0x00007ffb67d9d000 	C:\Windows\SYSTEM32\DBGHELP.DLL
0x00007ffb66330000 - 0x00007ffb6635a000 	C:\Windows\SYSTEM32\dbgcore.DLL
0x00007ffb5f020000 - 0x00007ffb5f02e000 	C:\Users\a2489236\.jdks\corretto-21.0.8\bin\instrument.dll
0x00007ffb5f000000 - 0x00007ffb5f01f000 	C:\Users\a2489236\.jdks\corretto-21.0.8\bin\java.dll
0x00007ffb72a90000 - 0x00007ffb73f88000 	C:\Windows\System32\SHELL32.dll
0x00007ffb753f0000 - 0x00007ffb75497000 	C:\Windows\System32\shcore.dll
0x00007ffb71ea0000 - 0x00007ffb725e8000 	C:\Windows\System32\windows.storage.dll
0x00007ffb71760000 - 0x00007ffb71783000 	C:\Windows\System32\profapi.dll
0x00007ffb74930000 - 0x00007ffb74987000 	C:\Windows\System32\shlwapi.dll
0x00007ffb725f0000 - 0x00007ffb7260b000 	C:\Windows\System32\cryptsp.dll
0x00007ffb4e8a0000 - 0x00007ffb4e977000 	C:\Users\a2489236\.jdks\corretto-21.0.8\bin\jsvml.dll
0x00007ffb5efe0000 - 0x00007ffb5eff8000 	C:\Users\a2489236\.jdks\corretto-21.0.8\bin\zip.dll
0x00007ffb5efd0000 - 0x00007ffb5efe0000 	C:\Users\a2489236\.jdks\corretto-21.0.8\bin\net.dll
0x00007ffb6cdc0000 - 0x00007ffb6cebd000 	C:\Windows\SYSTEM32\WINHTTP.dll
0x00007ffb70ea0000 - 0x00007ffb70f07000 	C:\Windows\system32\mswsock.dll
0x00007ffb57110000 - 0x00007ffb57126000 	C:\Users\a2489236\.jdks\corretto-21.0.8\bin\nio.dll
0x00007ffb57d20000 - 0x00007ffb57d29000 	C:\Users\a2489236\.jdks\corretto-21.0.8\bin\extnet.dll
0x00007ffb709c0000 - 0x00007ffb709f3000 	C:\Windows\system32\rsaenh.dll
0x00007ffb715c0000 - 0x00007ffb715e9000 	C:\Windows\SYSTEM32\USERENV.dll
0x00007ffb71070000 - 0x00007ffb7107c000 	C:\Windows\SYSTEM32\CRYPTBASE.dll
0x00007ffb70b90000 - 0x00007ffb70bcd000 	C:\Windows\SYSTEM32\IPHLPAPI.DLL
0x00007ffb754a0000 - 0x00007ffb754a8000 	C:\Windows\System32\NSI.dll
0x00007ffb29d30000 - 0x00007ffb29e1f000 	C:\Users\a2489236\AppData\Local\Temp\4\sqlite-3.43.0.0-6214daf4-05e9-418a-8592-9d28b2643182-sqlitejdbc.dll
0x00007ffb29ba0000 - 0x00007ffb29d2e000 	C:\Users\a2489236\.jdks\corretto-21.0.8\bin\awt.dll
0x00007ffb74af0000 - 0x00007ffb74bb4000 	C:\Windows\System32\OLEAUT32.dll
0x00007ffb6f560000 - 0x00007ffb6f5ec000 	C:\Windows\SYSTEM32\apphelp.dll
0x00007ffb6fa40000 - 0x00007ffb6fadc000 	C:\Windows\system32\uxtheme.dll
0x00007ffb73f90000 - 0x00007ffb740fc000 	C:\Windows\System32\MSCTF.dll
0x00007ffb6fd70000 - 0x00007ffb6fd9e000 	C:\Windows\system32\dwmapi.dll
0x00007ffb726a0000 - 0x00007ffb728b6000 	C:\Windows\System32\CRYPT32.dll
0x00007ffb716c0000 - 0x00007ffb716d2000 	C:\Windows\System32\MSASN1.dll
0x00007ffb74ed0000 - 0x00007ffb75027000 	C:\Windows\System32\ole32.dll
0x00007ffb56f70000 - 0x00007ffb57097000 	C:\Windows\system32\opengl32.dll
0x00007ffb5eed0000 - 0x00007ffb5eefc000 	C:\Windows\SYSTEM32\GLU32.dll
0x00007ffb57be0000 - 0x00007ffb57c67000 	C:\Users\a2489236\.jdks\corretto-21.0.8\bin\freetype.dll
0x00007ffb29ab0000 - 0x00007ffb29b9b000 	C:\Users\a2489236\.jdks\corretto-21.0.8\bin\fontmanager.dll
0x00007ffb74a40000 - 0x00007ffb74ae8000 	C:\Windows\System32\clbcatq.dll
0x00007ffb6f7b0000 - 0x00007ffb6f968000 	C:\Windows\SYSTEM32\WindowsCodecs.dll
0x00007ffb431c0000 - 0x00007ffb43216000 	C:\Windows\system32\dataexchange.dll
0x00007ffb6dea0000 - 0x00007ffb6e11e000 	C:\Windows\system32\d3d11.dll
0x00007ffb6e810000 - 0x00007ffb6e9d4000 	C:\Windows\system32\dcomp.dll
0x00007ffb70160000 - 0x00007ffb70222000 	C:\Windows\system32\dxgi.dll
0x00007ffb6fb10000 - 0x00007ffb6fd1c000 	C:\Windows\system32\twinapi.appcore.dll
0x00007ffb6fd20000 - 0x00007ffb6fd48000 	C:\Windows\system32\RMCLIENT.dll
0x00007ffb6be90000 - 0x00007ffb6bf23000 	C:\Windows\System32\TextInputFramework.dll
0x00007ffb6ecc0000 - 0x00007ffb6eda1000 	C:\Windows\System32\CoreMessaging.dll
0x00007ffb6b840000 - 0x00007ffb6bb60000 	C:\Windows\System32\CoreUIComponents.dll
0x00007ffb70a50000 - 0x00007ffb70a81000 	C:\Windows\SYSTEM32\ntmarta.dll
0x00007ffb6bbf0000 - 0x00007ffb6bd41000 	C:\Windows\SYSTEM32\wintypes.dll
0x00007ffb5cf90000 - 0x00007ffb5cfa0000 	C:\Users\a2489236\.jdks\corretto-21.0.8\bin\verify.dll

JVMTI agents:
C:\Program Files\JetBrains\IntelliJ IDEA Community Edition 2025.2.1\lib\idea_rt.jar path:C:\Users\a2489236\.jdks\corretto-21.0.8\bin\instrument.dll, loaded, initialized, instrumentlib options:59291

dbghelp: loaded successfully - version: 4.0.5 - missing functions: none
symbol engine: initialized successfully - sym options: 0x614 - pdb path: .;C:\Users\a2489236\.jdks\corretto-21.0.8\bin;C:\Windows\SYSTEM32;C:\Windows\WinSxS\amd64_microsoft.windows.common-controls_6595b64144ccf1df_6.0.17763.7792_none_de76c1ec534645e5;C:\Users\a2489236\.jdks\corretto-21.0.8\bin\server;C:\Users\a2489236\AppData\Local\Temp\4

VM Arguments:
jvm_args: -javaagent:C:\Program Files\JetBrains\IntelliJ IDEA Community Edition 2025.2.1\lib\idea_rt.jar=59291 -Dfile.encoding=UTF-8 -Dsun.stdout.encoding=UTF-8 -Dsun.stderr.encoding=UTF-8 
java_command: server.Server
java_class_path (initial): C:\Users\a2489236\Desktop\projeto_pix\target\classes;C:\Users\a2489236\.m2\repository\org\xerial\sqlite-jdbc\3.43.0.0\sqlite-jdbc-3.43.0.0.jar;C:\Users\a2489236\.m2\repository\com\fasterxml\jackson\core\jackson-databind\2.17.1\jackson-databind-2.17.1.jar;C:\Users\a2489236\.m2\repository\com\fasterxml\jackson\core\jackson-annotations\2.17.1\jackson-annotations-2.17.1.jar;C:\Users\a2489236\.m2\repository\com\fasterxml\jackson\core\jackson-core\2.17.1\jackson-core-2.17.1.jar;C:\Users\a2489236\.m2\repository\com\fasterxml\jackson\datatype\jackson-datatype-jsr310\2.16.1\jackson-datatype-jsr310-2.16.1.jar;C:\Users\a2489236\.m2\repository\org\javatuples\javatuples\1.2\javatuples-1.2.jar
Launcher Type: SUN_STANDARD

[Global flags]
     intx CICompilerCount                          = 3                                         {product} {ergonomic}
     uint ConcGCThreads                            = 1                                         {product} {ergonomic}
     uint G1ConcRefinementThreads                  = 4                                         {product} {ergonomic}
   size_t G1HeapRegionSize                         = 2097152                                   {product} {ergonomic}
    uintx GCDrainStackTargetSize                   = 64                                        {product} {ergonomic}
   size_t InitialHeapSize                          = 167772160                                 {product} {ergonomic}
   size_t MarkStackSize                            = 4194304                                   {product} {ergonomic}
   size_t MaxHeapSize                              = 2684354560                                {product} {ergonomic}
   size_t MaxNewSize                               = 1610612736                                {product} {ergonomic}
   size_t MinHeapDeltaBytes                        = 2097152                                   {product} {ergonomic}
   size_t MinHeapSize                              = 8388608                                   {product} {ergonomic}
    uintx NonNMethodCodeHeapSize                   = 5832780                                {pd product} {ergonomic}
    uintx NonProfiledCodeHeapSize                  = 122912730                              {pd product} {ergonomic}
    uintx ProfiledCodeHeapSize                     = 122912730                              {pd product} {ergonomic}
    uintx ReservedCodeCacheSize                    = 251658240                              {pd product} {ergonomic}
     bool SegmentedCodeCache                       = true                                      {product} {ergonomic}
   size_t SoftMaxHeapSize                          = 2684354560                             {manageable} {ergonomic}
     bool UseCompressedOops                        = true                           {product lp64_product} {ergonomic}
     bool UseG1GC                                  = true                                      {product} {ergonomic}
     bool UseLargePagesIndividualAllocation        = false                                  {pd product} {ergonomic}

Logging:
Log output configuration:
 #0: stdout all=warning uptime,level,tags foldmultilines=false
 #1: stderr all=off uptime,level,tags foldmultilines=false

Environment Variables:
PATH=C:\Program Files\Python313\Scripts\;C:\Program Files\Python313\;C:\Program Files\Maven\bin\;C:\Program Files\Python310\Scripts\;C:\Program Files\Python310\;C:\Program Files\Common Files\Oracle\Java\javapath;C:\Program Files (x86)\Common Files\Oracle\Java\javapath;C:\Windows\system32;C:\Windows;C:\Windows\System32\Wbem;C:\Windows\System32\WindowsPowerShell\v1.0\;C:\Windows\System32\OpenSSH\;C:\Program Files\Microsoft VS Code\bin;C:\ProgramData\chocolatey\bin;C:\Program Files (x86)\Yarn\bin\;C:\Program Files\Go\bin;C:\Program Files\Git\cmd;C:\Program Files\nodejs\;C:\Users\a2489236\AppData\Local\Microsoft\WindowsApps;
USERNAME=a2489236
OS=Windows_NT
PROCESSOR_IDENTIFIER=Intel64 Family 6 Model 85 Stepping 4, GenuineIntel
TMP=C:\Users\a2489236\AppData\Local\Temp\4
TEMP=C:\Users\a2489236\AppData\Local\Temp\4




Periodic native trim disabled

---------------  S Y S T E M  ---------------

OS:
 Windows Server 2019 , 64 bit Build 17763 (10.0.17763.7009)
OS uptime: 48 days 9:32 hours
VMWare virtualization detected

CPU: total 4 (initial active 4) (2 cores per cpu, 1 threads per core) family 6 model 85 stepping 4 microcode 0x2006a09, cx8, cmov, fxsr, mmx, 3dnowpref, sse, sse2, sse3, ssse3, sse4.1, sse4.2, popcnt, lzcnt, tsc, tscinvbit, avx, avx2, aes, erms, clmul, bmi1, bmi2, adx, fma, vzeroupper, clflush, clflushopt, clwb, hv, rdtscp, f16c, pku
Processor Information for the first 4 processors :
  Max Mhz: 2095, Current Mhz: 2095, Mhz Limit: 2095

Memory: 4k page, system-wide physical 10238M (638M free)
TotalPageFile size 13310M (AvailPageFile size 104M)
current process WorkingSet (physical memory assigned to process): 177M, peak: 186M
current process commit charge ("private bytes"): 273M, peak: 433M

vm_info: OpenJDK 64-Bit Server VM (21.0.8+9-LTS) for windows-amd64 JRE (21.0.8+9-LTS), built on 2025-07-09T19:22:31Z by "Administrator" with MS VC++ 16.10 / 16.11 (VS2019)

END.
